  stdafx.cpp
  Camera.cpp
  Mesh.cpp
  Model3D.cpp
c:\users\stefa\desktop\spg proiect\diana\ptprof\proiect\opengl_4_application_vs2015\model3d.cpp(32): warning C4018: '<': signed/unsigned mismatch
c:\users\stefa\desktop\spg proiect\diana\ptprof\proiect\opengl_4_application_vs2015\model3d.cpp(73): warning C4018: '<': signed/unsigned mismatch
c:\users\stefa\desktop\spg proiect\diana\ptprof\proiect\opengl_4_application_vs2015\model3d.cpp(154): warning C4018: '<': signed/unsigned mismatch
  OpenGL_4_Application_VS2015.cpp
c:\users\stefa\desktop\spg proiect\diana\ptprof\proiect\opengl_4_application_vs2015\opengl_4_application_vs2015.cpp(121): warning C4305: 'initializing': truncation from 'double' to 'GLfloat'
c:\users\stefa\desktop\spg proiect\diana\ptprof\proiect\opengl_4_application_vs2015\opengl_4_application_vs2015.cpp(122): warning C4305: 'initializing': truncation from 'double' to 'GLfloat'
c:\users\stefa\desktop\spg proiect\diana\ptprof\proiect\opengl_4_application_vs2015\opengl_4_application_vs2015.cpp(123): warning C4305: 'initializing': truncation from 'double' to 'GLfloat'
c:\users\stefa\desktop\spg proiect\diana\ptprof\proiect\opengl_4_application_vs2015\opengl_4_application_vs2015.cpp(187): warning C4244: '=': conversion from 'double' to 'float', possible loss of data
c:\users\stefa\desktop\spg proiect\diana\ptprof\proiect\opengl_4_application_vs2015\opengl_4_application_vs2015.cpp(188): warning C4244: '=': conversion from 'double' to 'float', possible loss of data
c:\users\stefa\desktop\spg proiect\diana\ptprof\proiect\opengl_4_application_vs2015\opengl_4_application_vs2015.cpp(189): warning C4305: '=': truncation from 'double' to 'float'
c:\users\stefa\desktop\spg proiect\diana\ptprof\proiect\opengl_4_application_vs2015\opengl_4_application_vs2015.cpp(191): warning C4244: '=': conversion from 'double' to 'float', possible loss of data
c:\users\stefa\desktop\spg proiect\diana\ptprof\proiect\opengl_4_application_vs2015\opengl_4_application_vs2015.cpp(192): warning C4305: '=': truncation from 'double' to 'float'
c:\users\stefa\desktop\spg proiect\diana\ptprof\proiect\opengl_4_application_vs2015\opengl_4_application_vs2015.cpp(202): warning C4244: '=': conversion from 'double' to 'float', possible loss of data
c:\users\stefa\desktop\spg proiect\diana\ptprof\proiect\opengl_4_application_vs2015\opengl_4_application_vs2015.cpp(213): warning C4244: '=': conversion from 'double' to 'float', possible loss of data
c:\users\stefa\desktop\spg proiect\diana\ptprof\proiect\opengl_4_application_vs2015\opengl_4_application_vs2015.cpp(214): warning C4305: '=': truncation from 'double' to 'float'
c:\users\stefa\desktop\spg proiect\diana\ptprof\proiect\opengl_4_application_vs2015\opengl_4_application_vs2015.cpp(242): warning C4244: 'initializing': conversion from 'double' to 'float', possible loss of data
c:\users\stefa\desktop\spg proiect\diana\ptprof\proiect\opengl_4_application_vs2015\opengl_4_application_vs2015.cpp(363): warning C4305: '+=': truncation from 'double' to 'GLfloat'
c:\users\stefa\desktop\spg proiect\diana\ptprof\proiect\opengl_4_application_vs2015\opengl_4_application_vs2015.cpp(369): warning C4305: '-=': truncation from 'double' to 'GLfloat'
c:\users\stefa\desktop\spg proiect\diana\ptprof\proiect\opengl_4_application_vs2015\opengl_4_application_vs2015.cpp(637): warning C4244: '=': conversion from 'double' to 'T', possible loss of data
          with
          [
              T=float
          ]
c:\users\stefa\desktop\spg proiect\diana\ptprof\proiect\opengl_4_application_vs2015\opengl_4_application_vs2015.cpp(638): warning C4244: '=': conversion from 'double' to 'T', possible loss of data
          with
          [
              T=float
          ]
c:\users\stefa\desktop\spg proiect\diana\ptprof\proiect\opengl_4_application_vs2015\opengl_4_application_vs2015.cpp(639): warning C4244: '=': conversion from 'double' to 'T', possible loss of data
          with
          [
              T=float
          ]
c:\users\stefa\desktop\spg proiect\diana\ptprof\proiect\opengl_4_application_vs2015\opengl_4_application_vs2015.cpp(640): warning C4244: '=': conversion from 'double' to 'T', possible loss of data
          with
          [
              T=float
          ]
c:\users\stefa\desktop\spg proiect\diana\ptprof\proiect\opengl_4_application_vs2015\opengl_4_application_vs2015.cpp(664): warning C4805: '==': unsafe mix of type 'GLboolean' and type 'bool' in operation
c:\users\stefa\desktop\spg proiect\diana\ptprof\proiect\opengl_4_application_vs2015\opengl_4_application_vs2015.cpp(665): warning C4305: '+=': truncation from 'double' to 'float'
c:\users\stefa\desktop\spg proiect\diana\ptprof\proiect\opengl_4_application_vs2015\opengl_4_application_vs2015.cpp(675): warning C4305: '+=': truncation from 'double' to 'float'
c:\users\stefa\desktop\spg proiect\diana\ptprof\proiect\opengl_4_application_vs2015\opengl_4_application_vs2015.cpp(1789): warning C4805: '==': unsafe mix of type 'GLboolean' and type 'bool' in operation
c:\users\stefa\desktop\spg proiect\diana\ptprof\proiect\opengl_4_application_vs2015\opengl_4_application_vs2015.cpp(1824): warning C4305: '+=': truncation from 'double' to 'volatile float'
c:\users\stefa\desktop\spg proiect\diana\ptprof\proiect\opengl_4_application_vs2015\opengl_4_application_vs2015.cpp(1825): warning C4305: '+=': truncation from 'double' to 'volatile float'
c:\users\stefa\desktop\spg proiect\diana\ptprof\proiect\opengl_4_application_vs2015\opengl_4_application_vs2015.cpp(1826): warning C4305: '+=': truncation from 'double' to 'volatile float'
c:\users\stefa\desktop\spg proiect\diana\ptprof\proiect\opengl_4_application_vs2015\opengl_4_application_vs2015.cpp(1830): warning C4305: '+=': truncation from 'double' to 'volatile float'
c:\users\stefa\desktop\spg proiect\diana\ptprof\proiect\opengl_4_application_vs2015\opengl_4_application_vs2015.cpp(1831): warning C4305: '-=': truncation from 'double' to 'volatile float'
c:\users\stefa\desktop\spg proiect\diana\ptprof\proiect\opengl_4_application_vs2015\opengl_4_application_vs2015.cpp(1832): warning C4305: '-=': truncation from 'double' to 'volatile float'
c:\users\stefa\desktop\spg proiect\diana\ptprof\proiect\opengl_4_application_vs2015\opengl_4_application_vs2015.cpp(1840): warning C4305: '-=': truncation from 'double' to 'volatile float'
c:\users\stefa\desktop\spg proiect\diana\ptprof\proiect\opengl_4_application_vs2015\opengl_4_application_vs2015.cpp(1841): warning C4305: '-=': truncation from 'double' to 'volatile float'
c:\users\stefa\desktop\spg proiect\diana\ptprof\proiect\opengl_4_application_vs2015\opengl_4_application_vs2015.cpp(1842): warning C4305: '-=': truncation from 'double' to 'volatile float'
c:\users\stefa\desktop\spg proiect\diana\ptprof\proiect\opengl_4_application_vs2015\opengl_4_application_vs2015.cpp(1847): warning C4305: '-=': truncation from 'double' to 'volatile float'
c:\users\stefa\desktop\spg proiect\diana\ptprof\proiect\opengl_4_application_vs2015\opengl_4_application_vs2015.cpp(1848): warning C4305: '+=': truncation from 'double' to 'volatile float'
c:\users\stefa\desktop\spg proiect\diana\ptprof\proiect\opengl_4_application_vs2015\opengl_4_application_vs2015.cpp(1849): warning C4305: '+=': truncation from 'double' to 'volatile float'
  Shader.cpp
  SkyBox.cpp
  stb_image.c
LINK : warning LNK4098: defaultlib 'LIBCMT' conflicts with use of other libs; use /NODEFAULTLIB:library
  Generating code
  2170 of 2193 functions (99.0%) were compiled, the rest were copied from previous compilation.
    61 functions were new in current compilation
    0 functions had inline decision re-evaluated but remain unchanged
  Finished generating code
Mesh.obj : warning LNK4049: locally defined symbol ___glewGenBuffers imported
Mesh.obj : warning LNK4049: locally defined symbol ___glewGenVertexArrays imported
Mesh.obj : warning LNK4049: locally defined symbol ___glewActiveTexture imported
Mesh.obj : warning LNK4049: locally defined symbol ___glewBufferData imported
Mesh.obj : warning LNK4049: locally defined symbol ___glewGetUniformLocation imported
Mesh.obj : warning LNK4049: locally defined symbol ___glewUniform1i imported
Mesh.obj : warning LNK4049: locally defined symbol ___glewBindBuffer imported
Mesh.obj : warning LNK4049: locally defined symbol ___glewVertexAttribPointer imported
Mesh.obj : warning LNK4049: locally defined symbol ___glewBindVertexArray imported
Mesh.obj : warning LNK4049: locally defined symbol ___glewEnableVertexAttribArray imported
Model3D.obj : warning LNK4049: locally defined symbol ___glewGenerateMipmap imported
Shader.obj : warning LNK4049: locally defined symbol ___glewLinkProgram imported
Shader.obj : warning LNK4049: locally defined symbol ___glewDeleteShader imported
Shader.obj : warning LNK4049: locally defined symbol ___glewGetProgramInfoLog imported
Shader.obj : warning LNK4049: locally defined symbol ___glewShaderSource imported
Shader.obj : warning LNK4049: locally defined symbol ___glewAttachShader imported
Shader.obj : warning LNK4049: locally defined symbol ___glewGetProgramiv imported
Shader.obj : warning LNK4049: locally defined symbol ___glewGetShaderInfoLog imported
Shader.obj : warning LNK4049: locally defined symbol ___glewCreateProgram imported
Shader.obj : warning LNK4049: locally defined symbol ___glewCreateShader imported
Shader.obj : warning LNK4049: locally defined symbol ___glewCompileShader imported
Shader.obj : warning LNK4049: locally defined symbol ___glewGetShaderiv imported
Shader.obj : warning LNK4049: locally defined symbol ___glewUseProgram imported
SkyBox.obj : warning LNK4049: locally defined symbol ___glewUniformMatrix4fv imported
glew32s.lib(glew.obj) : warning LNK4099: PDB 'vc120.pdb' was not found with 'glew32s.lib(glew.obj)' or at 'C:\Users\stefa\Desktop\SPG proiect\Diana\PtProf\Proiect\Release\vc120.pdb'; linking object as if no debug info
  OpenGL_4_Application_VS2015.vcxproj -> C:\Users\stefa\Desktop\SPG proiect\Diana\PtProf\Proiect\Release\OpenGL_4_Application_VS2015.exe
